This is XeTeX, Version 3.14159265-2.6-0.999991 (TeX Live 2019/W32TeX) (preloaded format=xelatex 2019.11.30)  12 DEC 2019 17:22
entering extended mode
 restricted \write18 enabled.
 %&-line parsing enabled.
**Article.tex
(./Article.tex
LaTeX2e <2019-10-01> patch level 3
(c:/Users/elioj/AppData/Roaming/TinyTeX/texmf-dist/tex/latex/base/article.cls
Document Class: article 2019/10/25 v1.4k Standard LaTeX document class
(c:/Users/elioj/AppData/Roaming/TinyTeX/texmf-dist/tex/latex/base/size10.clo
File: size10.clo 2019/10/25 v1.4k Standard LaTeX file (size option)
)
\c@part=\count80
\c@section=\count81
\c@subsection=\count82
\c@subsubsection=\count83
\c@paragraph=\count84
\c@subparagraph=\count85
\c@figure=\count86
\c@table=\count87
\abovecaptionskip=\skip41
\belowcaptionskip=\skip42
\bibindent=\dimen102
) (c:/Users/elioj/AppData/Roaming/TinyTeX/texmf-dist/tex/latex/lm/lmodern.sty
Package: lmodern 2009/10/30 v1.6 Latin Modern Fonts
LaTeX Font Info:    Overwriting symbol font `operators' in version `normal'
(Font)                  OT1/cmr/m/n --> OT1/lmr/m/n on input line 22.
LaTeX Font Info:    Overwriting symbol font `letters' in version `normal'
(Font)                  OML/cmm/m/it --> OML/lmm/m/it on input line 23.
LaTeX Font Info:    Overwriting symbol font `symbols' in version `normal'
(Font)                  OMS/cmsy/m/n --> OMS/lmsy/m/n on input line 24.
LaTeX Font Info:    Overwriting symbol font `largesymbols' in version `normal'
(Font)                  OMX/cmex/m/n --> OMX/lmex/m/n on input line 25.
LaTeX Font Info:    Overwriting symbol font `operators' in version `bold'
(Font)                  OT1/cmr/bx/n --> OT1/lmr/bx/n on input line 26.
LaTeX Font Info:    Overwriting symbol font `letters' in version `bold'
(Font)                  OML/cmm/b/it --> OML/lmm/b/it on input line 27.
LaTeX Font Info:    Overwriting symbol font `symbols' in version `bold'
(Font)                  OMS/cmsy/b/n --> OMS/lmsy/b/n on input line 28.
LaTeX Font Info:    Overwriting symbol font `largesymbols' in version `bold'
(Font)                  OMX/cmex/m/n --> OMX/lmex/m/n on input line 29.
LaTeX Font Info:    Overwriting math alphabet `\mathbf' in version `normal'
(Font)                  OT1/cmr/bx/n --> OT1/lmr/bx/n on input line 31.
LaTeX Font Info:    Overwriting math alphabet `\mathsf' in version `normal'
(Font)                  OT1/cmss/m/n --> OT1/lmss/m/n on input line 32.
LaTeX Font Info:    Overwriting math alphabet `\mathit' in version `normal'
(Font)                  OT1/cmr/m/it --> OT1/lmr/m/it on input line 33.
LaTeX Font Info:    Overwriting math alphabet `\mathtt' in version `normal'
(Font)                  OT1/cmtt/m/n --> OT1/lmtt/m/n on input line 34.
LaTeX Font Info:    Overwriting math alphabet `\mathbf' in version `bold'
(Font)                  OT1/cmr/bx/n --> OT1/lmr/bx/n on input line 35.
LaTeX Font Info:    Overwriting math alphabet `\mathsf' in version `bold'
(Font)                  OT1/cmss/bx/n --> OT1/lmss/bx/n on input line 36.
LaTeX Font Info:    Overwriting math alphabet `\mathit' in version `bold'
(Font)                  OT1/cmr/bx/it --> OT1/lmr/bx/it on input line 37.
LaTeX Font Info:    Overwriting math alphabet `\mathtt' in version `bold'
(Font)                  OT1/cmtt/m/n --> OT1/lmtt/m/n on input line 38.
)
(c:/Users/elioj/AppData/Roaming/TinyTeX/texmf-dist/tex/latex/amsfonts/amssymb.s
ty
Package: amssymb 2013/01/14 v3.01 AMS font symbols

(c:/Users/elioj/AppData/Roaming/TinyTeX/texmf-dist/tex/latex/amsfonts/amsfonts.
sty
Package: amsfonts 2013/01/14 v3.01 Basic AMSFonts support
\@emptytoks=\toks14
\symAMSa=\mathgroup4
\symAMSb=\mathgroup5
LaTeX Font Info:    Redeclaring math symbol \hbar on input line 98.
LaTeX Font Info:    Overwriting math alphabet `\mathfrak' in version `bold'
(Font)                  U/euf/m/n --> U/euf/b/n on input line 106.
))
(c:/Users/elioj/AppData/Roaming/TinyTeX/texmf-dist/tex/latex/amsmath/amsmath.st
y
Package: amsmath 2019/11/16 v2.17d AMS math features
\@mathmargin=\skip43
For additional information on amsmath, use the `?' option.

(c:/Users/elioj/AppData/Roaming/TinyTeX/texmf-dist/tex/latex/amsmath/amstext.st
y
Package: amstext 2000/06/29 v2.01 AMS text

(c:/Users/elioj/AppData/Roaming/TinyTeX/texmf-dist/tex/latex/amsmath/amsgen.sty
File: amsgen.sty 1999/11/30 v2.0 generic functions
\@emptytoks=\toks15
\ex@=\dimen103
))
(c:/Users/elioj/AppData/Roaming/TinyTeX/texmf-dist/tex/latex/amsmath/amsbsy.sty
Package: amsbsy 1999/11/29 v1.2d Bold Symbols
\pmbraise@=\dimen104
)
(c:/Users/elioj/AppData/Roaming/TinyTeX/texmf-dist/tex/latex/amsmath/amsopn.sty
Package: amsopn 2016/03/08 v2.02 operator names
)
\inf@bad=\count88
LaTeX Info: Redefining \frac on input line 227.
\uproot@=\count89
\leftroot@=\count90
LaTeX Info: Redefining \overline on input line 389.
\classnum@=\count91
\DOTSCASE@=\count92
LaTeX Info: Redefining \ldots on input line 486.
LaTeX Info: Redefining \dots on input line 489.
LaTeX Info: Redefining \cdots on input line 610.
\Mathstrutbox@=\box27
\strutbox@=\box28
\big@size=\dimen105
LaTeX Font Info:    Redeclaring font encoding OML on input line 733.
LaTeX Font Info:    Redeclaring font encoding OMS on input line 734.
\macc@depth=\count93
\c@MaxMatrixCols=\count94
\dotsspace@=\muskip10
\c@parentequation=\count95
\dspbrk@lvl=\count96
\tag@help=\toks16
\row@=\count97
\column@=\count98
\maxfields@=\count99
\andhelp@=\toks17
\eqnshift@=\dimen106
\alignsep@=\dimen107
\tagshift@=\dimen108
\tagwidth@=\dimen109
\totwidth@=\dimen110
\lineht@=\dimen111
\@envbody=\toks18
\multlinegap=\skip44
\multlinetaggap=\skip45
\mathdisplay@stack=\toks19
LaTeX Info: Redefining \[ on input line 2858.
LaTeX Info: Redefining \] on input line 2859.
)
(c:/Users/elioj/AppData/Roaming/TinyTeX/texmf-dist/tex/generic/iftex/ifxetex.st
y
Package: ifxetex 2019/10/25 v0.7 ifxetex legacy package. Use iftex instead.
(c:/Users/elioj/AppData/Roaming/TinyTeX/texmf-dist/tex/generic/iftex/iftex.sty
Package: iftex 2019/11/07 v1.0c TeX engine tests
))
(c:/Users/elioj/AppData/Roaming/TinyTeX/texmf-dist/tex/generic/iftex/ifluatex.s
ty
Package: ifluatex 2019/10/25 v1.5 ifluatex legacy package. Use iftex instead.
) (c:/Users/elioj/AppData/Roaming/TinyTeX/texmf-dist/tex/latex/base/fixltx2e.st
y
Package: fixltx2e 2016/12/29 v2.1a fixes to LaTeX (obsolete)
Applying: [2015/01/01] Old fixltx2e package on input line 46.

Package fixltx2e Warning: fixltx2e is not required with releases after 2015
(fixltx2e)                All fixes are now in the LaTeX kernel.
(fixltx2e)                See the latexrelease package for details.

Already applied: [0000/00/00] Old fixltx2e package on input line 53.
)
(c:/Users/elioj/AppData/Roaming/TinyTeX/texmf-dist/tex/xelatex/mathspec/mathspe
c.sty
Package: mathspec 2016/12/22 v0.2b LaTeX Package (Mathematics font selection fo
r XeLaTeX)

(c:/Users/elioj/AppData/Roaming/TinyTeX/texmf-dist/tex/latex/etoolbox/etoolbox.
sty
Package: etoolbox 2019/09/21 v2.5h e-TeX tools for LaTeX (JAW)
\etb@tempcnta=\count100
)
(c:/Users/elioj/AppData/Roaming/TinyTeX/texmf-dist/tex/latex/fontspec/fontspec.
sty
(c:/Users/elioj/AppData/Roaming/TinyTeX/texmf-dist/tex/latex/l3packages/xparse/
xparse.sty
(c:/Users/elioj/AppData/Roaming/TinyTeX/texmf-dist/tex/latex/l3kernel/expl3.sty
Package: expl3 2019-11-07 L3 programming layer (loader) 

(c:/Users/elioj/AppData/Roaming/TinyTeX/texmf-dist/tex/latex/l3kernel/expl3-cod
e.tex
Package: expl3 2019-11-07 L3 programming layer (code)
\c_max_int=\count101
\l_tmpa_int=\count102
\l_tmpb_int=\count103
\g_tmpa_int=\count104
\g_tmpb_int=\count105
\l__seq_internal_a_int=\count106
\l__seq_internal_b_int=\count107
\g__kernel_prg_map_int=\count108
\c__ior_term_noprompt_ior=\count109
\c_log_iow=\count110
\l_iow_line_count_int=\count111
\l__iow_line_target_int=\count112
\l__iow_one_indent_int=\count113
\l__iow_indent_int=\count114
\c_zero_dim=\dimen112
\c_max_dim=\dimen113
\l_tmpa_dim=\dimen114
\l_tmpb_dim=\dimen115
\g_tmpa_dim=\dimen116
\g_tmpb_dim=\dimen117
\c_zero_skip=\skip46
\c_max_skip=\skip47
\l_tmpa_skip=\skip48
\l_tmpb_skip=\skip49
\g_tmpa_skip=\skip50
\g_tmpb_skip=\skip51
\c_zero_muskip=\muskip11
\c_max_muskip=\muskip12
\l_tmpa_muskip=\muskip13
\l_tmpb_muskip=\muskip14
\g_tmpa_muskip=\muskip15
\g_tmpb_muskip=\muskip16
\l_keys_choice_int=\count115
\l__intarray_loop_int=\count116
\c__intarray_sp_dim=\dimen118
\g__intarray_font_int=\count117
\c__fp_leading_shift_int=\count118
\c__fp_middle_shift_int=\count119
\c__fp_trailing_shift_int=\count120
\c__fp_big_leading_shift_int=\count121
\c__fp_big_middle_shift_int=\count122
\c__fp_big_trailing_shift_int=\count123
\c__fp_Bigg_leading_shift_int=\count124
\c__fp_Bigg_middle_shift_int=\count125
\c__fp_Bigg_trailing_shift_int=\count126
\g__fp_array_int=\count127
\l__fp_array_loop_int=\count128
\l__sort_length_int=\count129
\l__sort_min_int=\count130
\l__sort_top_int=\count131
\l__sort_max_int=\count132
\l__sort_true_max_int=\count133
\l__sort_block_int=\count134
\l__sort_begin_int=\count135
\l__sort_end_int=\count136
\l__sort_A_int=\count137
\l__sort_B_int=\count138
\l__sort_C_int=\count139
\l__str_internal_int=\count140
\l__tl_analysis_normal_int=\count141
\l__tl_analysis_index_int=\count142
\l__tl_analysis_nesting_int=\count143
\l__tl_analysis_type_int=\count144
\l__regex_internal_a_int=\count145
\l__regex_internal_b_int=\count146
\l__regex_internal_c_int=\count147
\l__regex_balance_int=\count148
\l__regex_group_level_int=\count149
\l__regex_mode_int=\count150
\c__regex_cs_in_class_mode_int=\count151
\c__regex_cs_mode_int=\count152
\l__regex_catcodes_int=\count153
\l__regex_default_catcodes_int=\count154
\c__regex_catcode_L_int=\count155
\c__regex_catcode_O_int=\count156
\c__regex_catcode_A_int=\count157
\c__regex_all_catcodes_int=\count158
\l__regex_show_lines_int=\count159
\l__regex_min_state_int=\count160
\l__regex_max_state_int=\count161
\l__regex_left_state_int=\count162
\l__regex_right_state_int=\count163
\l__regex_capturing_group_int=\count164
\l__regex_min_pos_int=\count165
\l__regex_max_pos_int=\count166
\l__regex_curr_pos_int=\count167
\l__regex_start_pos_int=\count168
\l__regex_success_pos_int=\count169
\l__regex_curr_char_int=\count170
\l__regex_curr_catcode_int=\count171
\l__regex_last_char_int=\count172
\l__regex_case_changed_char_int=\count173
\l__regex_curr_state_int=\count174
\l__regex_step_int=\count175
\l__regex_min_active_int=\count176
\l__regex_max_active_int=\count177
\l__regex_replacement_csnames_int=\count178
\l__regex_match_count_int=\count179
\l__regex_min_submatch_int=\count180
\l__regex_submatch_int=\count181
\l__regex_zeroth_submatch_int=\count182
\g__regex_trace_regex_int=\count183
\c_empty_box=\box29
\l_tmpa_box=\box30
\l_tmpb_box=\box31
\g_tmpa_box=\box32
\g_tmpb_box=\box33
\l__box_top_dim=\dimen119
\l__box_bottom_dim=\dimen120
\l__box_left_dim=\dimen121
\l__box_right_dim=\dimen122
\l__box_top_new_dim=\dimen123
\l__box_bottom_new_dim=\dimen124
\l__box_left_new_dim=\dimen125
\l__box_right_new_dim=\dimen126
\l__box_internal_box=\box34
\l__coffin_internal_box=\box35
\l__coffin_internal_dim=\dimen127
\l__coffin_offset_x_dim=\dimen128
\l__coffin_offset_y_dim=\dimen129
\l__coffin_x_dim=\dimen130
\l__coffin_y_dim=\dimen131
\l__coffin_x_prime_dim=\dimen132
\l__coffin_y_prime_dim=\dimen133
\c_empty_coffin=\box36
\l__coffin_aligned_coffin=\box37
\l__coffin_aligned_internal_coffin=\box38
\l_tmpa_coffin=\box39
\l_tmpb_coffin=\box40
\g_tmpa_coffin=\box41
\g_tmpb_coffin=\box42
\l__coffin_bounding_shift_dim=\dimen134
\l__coffin_left_corner_dim=\dimen135
\l__coffin_right_corner_dim=\dimen136
\l__coffin_bottom_corner_dim=\dimen137
\l__coffin_top_corner_dim=\dimen138
\l__coffin_scaled_total_height_dim=\dimen139
\l__coffin_scaled_width_dim=\dimen140
\c__coffin_empty_coffin=\box43
\l__coffin_display_coffin=\box44
\l__coffin_display_coord_coffin=\box45
\l__coffin_display_pole_coffin=\box46
\l__coffin_display_offset_dim=\dimen141
\l__coffin_display_x_dim=\dimen142
\l__coffin_display_y_dim=\dimen143
\g__char_data_ior=\read1

(c:/Users/elioj/AppData/Roaming/TinyTeX/texmf-dist/tex/latex/l3kernel/l3depreca
tion.def
File: l3deprecation.def 2019-04-06 v L3 Deprecated functions
))
(c:/Users/elioj/AppData/Roaming/TinyTeX/texmf-dist/tex/latex/l3backend/l3backen
d-xdvipdfmx.def
File: l3backend-xdvipdfmx.def 2019-04-06 L3 backend support: xdvipdfmx
\g__graphics_track_int=\count184
\l__pdf_internal_box=\box47
\g__pdf_backend_object_int=\count185
\g__pdf_backend_annotation_int=\count186
))
Package: xparse 2019-10-11 L3 Experimental document command parser
\l__xparse_current_arg_int=\count187
\g__xparse_grabber_int=\count188
\l__xparse_m_args_int=\count189
\l__xparse_v_nesting_int=\count190
)
Package: fontspec 2019/10/19 v2.7d Font selection for XeLaTeX and LuaLaTeX

(c:/Users/elioj/AppData/Roaming/TinyTeX/texmf-dist/tex/latex/fontspec/fontspec-
xetex.sty
Package: fontspec-xetex 2019/10/19 v2.7d Font selection for XeLaTeX and LuaLaTe
X
\l__fontspec_script_int=\count191
\l__fontspec_language_int=\count192
\l__fontspec_strnum_int=\count193
\l__fontspec_tmp_int=\count194
\l__fontspec_tmpa_int=\count195
\l__fontspec_tmpb_int=\count196
\l__fontspec_tmpc_int=\count197
\l__fontspec_em_int=\count198
\l__fontspec_emdef_int=\count199
\l__fontspec_strong_int=\count266
\l__fontspec_strongdef_int=\count267
\l__fontspec_tmpa_dim=\dimen144
\l__fontspec_tmpb_dim=\dimen145
\l__fontspec_tmpc_dim=\dimen146
(c:/Users/elioj/AppData/Roaming/TinyTeX/texmf-dist/tex/latex/base/fontenc.sty
Package: fontenc 2018/08/11 v2.0j Standard LaTeX package
(c:/Users/elioj/AppData/Roaming/TinyTeX/texmf-dist/tex/latex/base/tuenc.def
File: tuenc.def 2018/08/11 v2.0j Standard LaTeX file
LaTeX Font Info:    Redeclaring font encoding TU on input line 82.
))
(c:/Users/elioj/AppData/Roaming/TinyTeX/texmf-dist/tex/latex/fontspec/fontspec.
cfg)
LaTeX Info: Redefining \itshape on input line 4047.
LaTeX Info: Redefining \slshape on input line 4052.
LaTeX Info: Redefining \scshape on input line 4057.
LaTeX Info: Redefining \upshape on input line 4062.
LaTeX Info: Redefining \em on input line 4092.
LaTeX Info: Redefining \emph on input line 4117.
))
(c:/Users/elioj/AppData/Roaming/TinyTeX/texmf-dist/tex/latex/xkeyval/xkeyval.st
y
Package: xkeyval 2014/12/03 v2.7a package option processing (HA)

(c:/Users/elioj/AppData/Roaming/TinyTeX/texmf-dist/tex/generic/xkeyval/xkeyval.
tex
(c:/Users/elioj/AppData/Roaming/TinyTeX/texmf-dist/tex/generic/xkeyval/xkvutils
.tex
\XKV@toks=\toks20
\XKV@tempa@toks=\toks21

(c:/Users/elioj/AppData/Roaming/TinyTeX/texmf-dist/tex/generic/xkeyval/keyval.t
ex))
\XKV@depth=\count268
File: xkeyval.tex 2014/12/03 v2.7a key=value parser (HA)
))
\c@eu@=\count269
\c@eu@i=\count270
\c@mkern=\count271
)
(c:/Users/elioj/AppData/Roaming/TinyTeX/texmf-dist/tex/latex/upquote/upquote.st
y
Package: upquote 2012/04/19 v1.3 upright-quote and grave-accent glyphs in verba
tim
(c:/Users/elioj/AppData/Roaming/TinyTeX/texmf-dist/tex/latex/base/textcomp.sty
Package: textcomp 2018/08/11 v2.0j Standard LaTeX package
Package textcomp Info: Sub-encoding information:
(textcomp)               5 = only ISO-Adobe without \textcurrency
(textcomp)               4 = 5 + \texteuro
(textcomp)               3 = 4 + \textohm
(textcomp)               2 = 3 + \textestimated + \textcurrency
(textcomp)               1 = TS1 - \textcircled - \t
(textcomp)               0 = TS1 (full)
(textcomp)             Font families with sub-encoding setting implement
(textcomp)             only a restricted character set as indicated.
(textcomp)             Family '?' is the default used for unknown fonts.
(textcomp)             See the documentation for details.
Package textcomp Info: Setting ? sub-encoding to TS1/1 on input line 79.
(c:/Users/elioj/AppData/Roaming/TinyTeX/texmf-dist/tex/latex/base/ts1enc.def
File: ts1enc.def 2001/06/05 v3.0e (jk/car/fm) Standard LaTeX file
)
LaTeX Info: Redefining \oldstylenums on input line 334.
Package textcomp Info: Setting cmr sub-encoding to TS1/0 on input line 349.
Package textcomp Info: Setting cmss sub-encoding to TS1/0 on input line 350.
Package textcomp Info: Setting cmtt sub-encoding to TS1/0 on input line 351.
Package textcomp Info: Setting cmvtt sub-encoding to TS1/0 on input line 352.
Package textcomp Info: Setting cmbr sub-encoding to TS1/0 on input line 353.
Package textcomp Info: Setting cmtl sub-encoding to TS1/0 on input line 354.
Package textcomp Info: Setting ccr sub-encoding to TS1/0 on input line 355.
Package textcomp Info: Setting ptm sub-encoding to TS1/4 on input line 356.
Package textcomp Info: Setting pcr sub-encoding to TS1/4 on input line 357.
Package textcomp Info: Setting phv sub-encoding to TS1/4 on input line 358.
Package textcomp Info: Setting ppl sub-encoding to TS1/3 on input line 359.
Package textcomp Info: Setting pag sub-encoding to TS1/4 on input line 360.
Package textcomp Info: Setting pbk sub-encoding to TS1/4 on input line 361.
Package textcomp Info: Setting pnc sub-encoding to TS1/4 on input line 362.
Package textcomp Info: Setting pzc sub-encoding to TS1/4 on input line 363.
Package textcomp Info: Setting bch sub-encoding to TS1/4 on input line 364.
Package textcomp Info: Setting put sub-encoding to TS1/5 on input line 365.
Package textcomp Info: Setting uag sub-encoding to TS1/5 on input line 366.
Package textcomp Info: Setting ugq sub-encoding to TS1/5 on input line 367.
Package textcomp Info: Setting ul8 sub-encoding to TS1/4 on input line 368.
Package textcomp Info: Setting ul9 sub-encoding to TS1/4 on input line 369.
Package textcomp Info: Setting augie sub-encoding to TS1/5 on input line 370.
Package textcomp Info: Setting dayrom sub-encoding to TS1/3 on input line 371.
Package textcomp Info: Setting dayroms sub-encoding to TS1/3 on input line 372.

Package textcomp Info: Setting pxr sub-encoding to TS1/0 on input line 373.
Package textcomp Info: Setting pxss sub-encoding to TS1/0 on input line 374.
Package textcomp Info: Setting pxtt sub-encoding to TS1/0 on input line 375.
Package textcomp Info: Setting txr sub-encoding to TS1/0 on input line 376.
Package textcomp Info: Setting txss sub-encoding to TS1/0 on input line 377.
Package textcomp Info: Setting txtt sub-encoding to TS1/0 on input line 378.
Package textcomp Info: Setting lmr sub-encoding to TS1/0 on input line 379.
Package textcomp Info: Setting lmdh sub-encoding to TS1/0 on input line 380.
Package textcomp Info: Setting lmss sub-encoding to TS1/0 on input line 381.
Package textcomp Info: Setting lmssq sub-encoding to TS1/0 on input line 382.
Package textcomp Info: Setting lmvtt sub-encoding to TS1/0 on input line 383.
Package textcomp Info: Setting lmtt sub-encoding to TS1/0 on input line 384.
Package textcomp Info: Setting qhv sub-encoding to TS1/0 on input line 385.
Package textcomp Info: Setting qag sub-encoding to TS1/0 on input line 386.
Package textcomp Info: Setting qbk sub-encoding to TS1/0 on input line 387.
Package textcomp Info: Setting qcr sub-encoding to TS1/0 on input line 388.
Package textcomp Info: Setting qcs sub-encoding to TS1/0 on input line 389.
Package textcomp Info: Setting qpl sub-encoding to TS1/0 on input line 390.
Package textcomp Info: Setting qtm sub-encoding to TS1/0 on input line 391.
Package textcomp Info: Setting qzc sub-encoding to TS1/0 on input line 392.
Package textcomp Info: Setting qhvc sub-encoding to TS1/0 on input line 393.
Package textcomp Info: Setting futs sub-encoding to TS1/4 on input line 394.
Package textcomp Info: Setting futx sub-encoding to TS1/4 on input line 395.
Package textcomp Info: Setting futj sub-encoding to TS1/4 on input line 396.
Package textcomp Info: Setting hlh sub-encoding to TS1/3 on input line 397.
Package textcomp Info: Setting hls sub-encoding to TS1/3 on input line 398.
Package textcomp Info: Setting hlst sub-encoding to TS1/3 on input line 399.
Package textcomp Info: Setting hlct sub-encoding to TS1/5 on input line 400.
Package textcomp Info: Setting hlx sub-encoding to TS1/5 on input line 401.
Package textcomp Info: Setting hlce sub-encoding to TS1/5 on input line 402.
Package textcomp Info: Setting hlcn sub-encoding to TS1/5 on input line 403.
Package textcomp Info: Setting hlcw sub-encoding to TS1/5 on input line 404.
Package textcomp Info: Setting hlcf sub-encoding to TS1/5 on input line 405.
Package textcomp Info: Setting pplx sub-encoding to TS1/3 on input line 406.
Package textcomp Info: Setting pplj sub-encoding to TS1/3 on input line 407.
Package textcomp Info: Setting ptmx sub-encoding to TS1/4 on input line 408.
Package textcomp Info: Setting ptmj sub-encoding to TS1/4 on input line 409.
))
(c:/Users/elioj/AppData/Roaming/TinyTeX/texmf-dist/tex/latex/microtype/microtyp
e.sty
Package: microtype 2019/10/10 v2.7c Micro-typographical refinements (RS)
\MT@toks=\toks22
\MT@count=\count272
LaTeX Info: Redefining \textls on input line 790.
\MT@outer@kern=\dimen147
LaTeX Info: Redefining \textmicrotypecontext on input line 1347.
\MT@listname@count=\count273

(c:/Users/elioj/AppData/Roaming/TinyTeX/texmf-dist/tex/latex/microtype/microtyp
e-xetex.def
File: microtype-xetex.def 2019/10/10 v2.7c Definitions specific to xetex (RS)
LaTeX Info: Redefining \lsstyle on input line 258.
)
Package microtype Info: Loading configuration file microtype.cfg.

(c:/Users/elioj/AppData/Roaming/TinyTeX/texmf-dist/tex/latex/microtype/microtyp
e.cfg
File: microtype.cfg 2019/10/10 v2.7c microtype main configuration file (RS)
))
(c:/Users/elioj/AppData/Roaming/TinyTeX/texmf-dist/tex/latex/geometry/geometry.
sty
Package: geometry 2018/04/16 v5.8 Page Geometry
(c:/Users/elioj/AppData/Roaming/TinyTeX/texmf-dist/tex/generic/iftex/ifpdf.sty
Package: ifpdf 2019/10/25 v3.4 ifpdf legacy package. Use iftex instead.
)
(c:/Users/elioj/AppData/Roaming/TinyTeX/texmf-dist/tex/generic/iftex/ifvtex.sty
Package: ifvtex 2019/10/25 v1.7 ifvtex legacy package. Use iftex instead.
)
\Gm@cnth=\count274
\Gm@cntv=\count275
\c@Gm@tempcnt=\count276
\Gm@bindingoffset=\dimen148
\Gm@wd@mp=\dimen149
\Gm@odd@mp=\dimen150
\Gm@even@mp=\dimen151
\Gm@layoutwidth=\dimen152
\Gm@layoutheight=\dimen153
\Gm@layouthoffset=\dimen154
\Gm@layoutvoffset=\dimen155
\Gm@dimlist=\toks23
)
(c:/Users/elioj/AppData/Roaming/TinyTeX/texmf-dist/tex/latex/hyperref/hyperref.
sty
Package: hyperref 2019/11/10 v7.00c Hypertext links for LaTeX

(c:/Users/elioj/AppData/Roaming/TinyTeX/texmf-dist/tex/generic/oberdiek/ltxcmds
.sty
Package: ltxcmds 2016/05/16 v1.23 LaTeX kernel commands for general use (HO)
)
(c:/Users/elioj/AppData/Roaming/TinyTeX/texmf-dist/tex/generic/oberdiek/pdftexc
mds.sty
Package: pdftexcmds 2019/07/25 v0.30 Utility functions of pdfTeX for LuaTeX (HO
)

(c:/Users/elioj/AppData/Roaming/TinyTeX/texmf-dist/tex/generic/oberdiek/infware
rr.sty
Package: infwarerr 2016/05/16 v1.4 Providing info/warning/error messages (HO)
)
Package pdftexcmds Info: LuaTeX not detected.
Package pdftexcmds Info: pdfTeX >= 1.30 not detected.
Package pdftexcmds Info: \pdf@primitive is available.
Package pdftexcmds Info: \pdf@ifprimitive is available.
Package pdftexcmds Info: \pdfdraftmode not found.
)
(c:/Users/elioj/AppData/Roaming/TinyTeX/texmf-dist/tex/generic/oberdiek/kvsetke
ys.sty
Package: kvsetkeys 2016/05/16 v1.17 Key value parser (HO)

(c:/Users/elioj/AppData/Roaming/TinyTeX/texmf-dist/tex/generic/oberdiek/etexcmd
s.sty
Package: etexcmds 2016/05/16 v1.6 Avoid name clashes with e-TeX commands (HO)
))
(c:/Users/elioj/AppData/Roaming/TinyTeX/texmf-dist/tex/generic/oberdiek/kvdefin
ekeys.sty
Package: kvdefinekeys 2016/05/16 v1.4 Define keys (HO)
)
(c:/Users/elioj/AppData/Roaming/TinyTeX/texmf-dist/tex/generic/oberdiek/pdfesca
pe.sty
Package: pdfescape 2016/05/16 v1.14 Implements pdfTeX's escape features (HO)
)
(c:/Users/elioj/AppData/Roaming/TinyTeX/texmf-dist/tex/latex/oberdiek/hycolor.s
ty
Package: hycolor 2016/05/16 v1.8 Color options for hyperref/bookmark (HO)

(c:/Users/elioj/AppData/Roaming/TinyTeX/texmf-dist/tex/latex/oberdiek/xcolor-pa
tch.sty
Package: xcolor-patch 2016/05/16 xcolor patch

(c:/Users/elioj/AppData/Roaming/TinyTeX/texmf-dist/tex/latex/oberdiek/hopatch.s
ty
Package: hopatch 2016/05/16 v1.3 Wrapper for package hooks (HO)
)))
(c:/Users/elioj/AppData/Roaming/TinyTeX/texmf-dist/tex/latex/oberdiek/letltxmac
ro.sty
Package: letltxmacro 2016/05/16 v1.5 Let assignment for LaTeX macros (HO)
)
(c:/Users/elioj/AppData/Roaming/TinyTeX/texmf-dist/tex/latex/oberdiek/auxhook.s
ty
Package: auxhook 2016/05/16 v1.4 Hooks for auxiliary files (HO)
)
(c:/Users/elioj/AppData/Roaming/TinyTeX/texmf-dist/tex/latex/oberdiek/kvoptions
.sty
Package: kvoptions 2016/05/16 v3.12 Key value format for package options (HO)
)
\@linkdim=\dimen156
\Hy@linkcounter=\count277
\Hy@pagecounter=\count278

(c:/Users/elioj/AppData/Roaming/TinyTeX/texmf-dist/tex/latex/hyperref/pd1enc.de
f
File: pd1enc.def 2019/11/10 v7.00c Hyperref: PDFDocEncoding definition (HO)
)
(c:/Users/elioj/AppData/Roaming/TinyTeX/texmf-dist/tex/generic/oberdiek/intcalc
.sty
Package: intcalc 2016/05/16 v1.2 Expandable calculations with integers (HO)
)
\Hy@SavedSpaceFactor=\count279

(c:/Users/elioj/AppData/Roaming/TinyTeX/texmf-dist/tex/latex/latexconfig/hyperr
ef.cfg
File: hyperref.cfg 2002/06/06 v1.2 hyperref configuration of TeXLive
)
Package hyperref Info: Hyper figures OFF on input line 4535.
Package hyperref Info: Link nesting OFF on input line 4540.
Package hyperref Info: Hyper index ON on input line 4543.
Package hyperref Info: Plain pages OFF on input line 4550.
Package hyperref Info: Backreferencing OFF on input line 4555.
Package hyperref Info: Implicit mode ON; LaTeX internals redefined.
Package hyperref Info: Bookmarks ON on input line 4788.
\c@Hy@tempcnt=\count280
(c:/Users/elioj/AppData/Roaming/TinyTeX/texmf-dist/tex/latex/url/url.sty
\Urlmuskip=\muskip17
Package: url 2013/09/16  ver 3.4  Verb mode for urls, etc.
)
LaTeX Info: Redefining \url on input line 5147.
\XeTeXLinkMargin=\dimen157

(c:/Users/elioj/AppData/Roaming/TinyTeX/texmf-dist/tex/generic/oberdiek/bitset.
sty
Package: bitset 2016/05/16 v1.2 Handle bit-vector datatype (HO)

(c:/Users/elioj/AppData/Roaming/TinyTeX/texmf-dist/tex/generic/oberdiek/bigintc
alc.sty
Package: bigintcalc 2016/05/16 v1.4 Expandable calculations on big integers (HO
)
))
\Fld@menulength=\count281
\Field@Width=\dimen158
\Fld@charsize=\dimen159
Package hyperref Info: Hyper figures OFF on input line 6418.
Package hyperref Info: Link nesting OFF on input line 6423.
Package hyperref Info: Hyper index ON on input line 6426.
Package hyperref Info: backreferencing OFF on input line 6433.
Package hyperref Info: Link coloring OFF on input line 6438.
Package hyperref Info: Link coloring with OCG OFF on input line 6443.
Package hyperref Info: PDF/A mode OFF on input line 6448.
LaTeX Info: Redefining \ref on input line 6488.
LaTeX Info: Redefining \pageref on input line 6492.

(c:/Users/elioj/AppData/Roaming/TinyTeX/texmf-dist/tex/generic/oberdiek/atbegsh
i.sty
Package: atbegshi 2016/06/09 v1.18 At begin shipout hook (HO)
)
\Hy@abspage=\count282
\c@Item=\count283
\c@Hfootnote=\count284
)
Package hyperref Info: Driver (autodetected): hxetex.

(c:/Users/elioj/AppData/Roaming/TinyTeX/texmf-dist/tex/latex/hyperref/hxetex.de
f
File: hxetex.def 2019/11/10 v7.00c Hyperref driver for XeTeX

(c:/Users/elioj/AppData/Roaming/TinyTeX/texmf-dist/tex/latex/hyperref/puenc.def
File: puenc.def 2019/11/10 v7.00c Hyperref: PDF Unicode definition (HO)
)
(c:/Users/elioj/AppData/Roaming/TinyTeX/texmf-dist/tex/generic/oberdiek/stringe
nc.sty
Package: stringenc 2016/05/16 v1.11 Convert strings between diff. encodings (HO
)
)
\pdfm@box=\box48
\c@Hy@AnnotLevel=\count285
\HyField@AnnotCount=\count286
\Fld@listcount=\count287
\c@bookmark@seq@number=\count288

(c:/Users/elioj/AppData/Roaming/TinyTeX/texmf-dist/tex/latex/oberdiek/rerunfile
check.sty
Package: rerunfilecheck 2016/05/16 v1.8 Rerun checks for auxiliary files (HO)

(c:/Users/elioj/AppData/Roaming/TinyTeX/texmf-dist/tex/latex/oberdiek/atveryend
.sty
Package: atveryend 2016/05/16 v1.9 Hooks at the very end of document (HO)
)
(c:/Users/elioj/AppData/Roaming/TinyTeX/texmf-dist/tex/generic/oberdiek/uniquec
ounter.sty
Package: uniquecounter 2016/05/16 v1.3 Provide unlimited unique counter (HO)
)
Package uniquecounter Info: New unique counter `rerunfilecheck' on input line 2
85.
)
\Hy@SectionHShift=\skip52
)
Package hyperref Info: Option `unicode' set `true' on input line 30.

(c:/Users/elioj/AppData/Roaming/TinyTeX/texmf-dist/tex/generic/oberdiek/se-asci
i-print.def
File: se-ascii-print.def 2016/05/16 v1.11 stringenc: Printable ASCII characters

)
Package hyperref Info: Option `breaklinks' set `true' on input line 30.

(c:/Users/elioj/AppData/Roaming/TinyTeX/texmf-dist/tex/latex/graphics/color.sty
Package: color 2016/07/10 v1.1e Standard LaTeX Color (DPC)

(c:/Users/elioj/AppData/Roaming/TinyTeX/texmf-dist/tex/latex/graphics-cfg/color
.cfg
File: color.cfg 2016/01/02 v1.6 sample color configuration
)
Package color Info: Driver file: xetex.def on input line 147.

(c:/Users/elioj/AppData/Roaming/TinyTeX/texmf-dist/tex/latex/graphics-def/xetex
.def
File: xetex.def 2017/06/24 v5.0h Graphics/color driver for xetex
))
(c:/Users/elioj/AppData/Roaming/TinyTeX/texmf-dist/tex/latex/fancyvrb/fancyvrb.
sty
Package: fancyvrb 2019/11/09
Style option: `fancyvrb' v3.4 <2019/11/09> (tvz)
\FV@CodeLineNo=\count289
\FV@InFile=\read2
\FV@TabBox=\box49
\c@FancyVerbLine=\count290
\FV@StepNumber=\count291
\FV@OutFile=\write3
) (c:/Users/elioj/AppData/Roaming/TinyTeX/texmf-dist/tex/latex/framed/framed.st
y
Package: framed 2011/10/22 v 0.96: framed or shaded text with page breaks
\OuterFrameSep=\skip53
\fb@frw=\dimen160
\fb@frh=\dimen161
\FrameRule=\dimen162
\FrameSep=\dimen163
)
(c:/Users/elioj/AppData/Roaming/TinyTeX/texmf-dist/tex/latex/graphics/graphicx.
sty
Package: graphicx 2017/06/01 v1.1a Enhanced LaTeX Graphics (DPC,SPQR)

(c:/Users/elioj/AppData/Roaming/TinyTeX/texmf-dist/tex/latex/graphics/graphics.
sty
Package: graphics 2019/11/01 v1.3d Standard LaTeX Graphics (DPC,SPQR)
(c:/Users/elioj/AppData/Roaming/TinyTeX/texmf-dist/tex/latex/graphics/trig.sty
Package: trig 2016/01/03 v1.10 sin cos tan (DPC)
)
(c:/Users/elioj/AppData/Roaming/TinyTeX/texmf-dist/tex/latex/graphics-cfg/graph
ics.cfg
File: graphics.cfg 2016/06/04 v1.11 sample graphics configuration
)
Package graphics Info: Driver file: xetex.def on input line 105.
)
\Gin@req@height=\dimen164
\Gin@req@width=\dimen165
)
(c:/Users/elioj/AppData/Roaming/TinyTeX/texmf-dist/tex/latex/oberdiek/grffile.s
ty
Package: grffile 2017/06/30 v1.18 Extended file name support for graphics (HO)
Package grffile Info: Option `multidot' is set to `true'.
Package grffile Info: Option `extendedchars' is set to `false'.
Package grffile Info: Option `space' is set to `true'.
Package grffile Info: \Gin@ii of package `graphicx' fixed on input line 494.
)
(c:/Users/elioj/AppData/Roaming/TinyTeX/texmf-dist/tex/latex/parskip/parskip.st
y
Package: parskip 2019-01-16 v2.0c non-zero parskip adjustments
)
(c:/Users/elioj/AppData/Roaming/TinyTeX/texmf-dist/tex/latex/titling/titling.st
y
Package: titling 2009/09/04 v2.1d maketitle typesetting
\thanksmarkwidth=\skip54
\thanksmargin=\skip55
\droptitle=\skip56
)
(c:/Users/elioj/AppData/Roaming/TinyTeX/texmf-dist/tex/latex/booktabs/booktabs.
sty
Package: booktabs 2019/10/08 v1.6180339 publication quality tables
\heavyrulewidth=\dimen166
\lightrulewidth=\dimen167
\cmidrulewidth=\dimen168
\belowrulesep=\dimen169
\belowbottomsep=\dimen170
\aboverulesep=\dimen171
\abovetopsep=\dimen172
\cmidrulesep=\dimen173
\cmidrulekern=\dimen174
\defaultaddspace=\dimen175
\@cmidla=\count292
\@cmidlb=\count293
\@aboverulesep=\dimen176
\@belowrulesep=\dimen177
\@thisruleclass=\count294
\@lastruleclass=\count295
\@thisrulewidth=\dimen178
)
(c:/Users/elioj/AppData/Roaming/TinyTeX/texmf-dist/tex/latex/tools/longtable.st
y
Package: longtable 2019/02/06 v4.12 Multi-page Table package (DPC)
\LTleft=\skip57
\LTright=\skip58
\LTpre=\skip59
\LTpost=\skip60
\LTchunksize=\count296
\LTcapwidth=\dimen179
\LT@head=\box50
\LT@firsthead=\box51
\LT@foot=\box52
\LT@lastfoot=\box53
\LT@cols=\count297
\LT@rows=\count298
\c@LT@tables=\count299
\c@LT@chunks=\count300
\LT@p@ftn=\toks24
) (c:/Users/elioj/AppData/Roaming/TinyTeX/texmf-dist/tex/latex/tools/array.sty
Package: array 2019/08/31 v2.4l Tabular extension package (FMi)
\col@sep=\dimen180
\ar@mcellbox=\box54
\extrarowheight=\dimen181
\NC@list=\toks25
\extratabsurround=\skip61
\backup@length=\skip62
\ar@cellbox=\box55
)
(c:/Users/elioj/AppData/Roaming/TinyTeX/texmf-dist/tex/latex/multirow/multirow.
sty
Package: multirow 2019/05/31 v2.5 Span multiple rows of a table
\multirow@colwidth=\skip63
\multirow@cntb=\count301
\multirow@dima=\skip64
\bigstrutjot=\dimen182
)
(c:/Users/elioj/AppData/Roaming/TinyTeX/texmf-dist/tex/latex/wrapfig/wrapfig.st
y
\wrapoverhang=\dimen183
\WF@size=\dimen184
\c@WF@wrappedlines=\count302
\WF@box=\box56
\WF@everypar=\toks26
Package: wrapfig 2003/01/31  v 3.6
) (c:/Users/elioj/AppData/Roaming/TinyTeX/texmf-dist/tex/latex/float/float.sty
Package: float 2001/11/08 v1.3d Float enhancements (AL)
\c@float@type=\count303
\float@exts=\toks27
\float@box=\box57
\@float@everytoks=\toks28
\@floatcapt=\box58
)
(c:/Users/elioj/AppData/Roaming/TinyTeX/texmf-dist/tex/latex/colortbl/colortbl.
sty
Package: colortbl 2018/12/12 v1.0d Color table columns (DPC)
\everycr=\toks29
\minrowclearance=\skip65
)
(c:/Users/elioj/AppData/Roaming/TinyTeX/texmf-dist/tex/latex/oberdiek/pdflscape
.sty
Package: pdflscape 2016/05/14 v0.11 Display of landscape pages in PDF (HO)

(c:/Users/elioj/AppData/Roaming/TinyTeX/texmf-dist/tex/latex/graphics/lscape.st
y
Package: lscape 2000/10/22 v3.01 Landscape Pages (DPC)
)
Package pdflscape Info: Auto-detected driver: dvipdfm (xetex) on input line 102
.
) (c:/Users/elioj/AppData/Roaming/TinyTeX/texmf-dist/tex/latex/tabu/tabu.sty
Package: tabu 2019/01/11 v2.9 - flexible LaTeX tabulars (FC+tabu-fixed)

(c:/Users/elioj/AppData/Roaming/TinyTeX/texmf-dist/tex/latex/varwidth/varwidth.
sty
Package: varwidth 2009/03/30 ver 0.92;  Variable-width minipages
\@vwid@box=\box59
\sift@deathcycles=\count304
\@vwid@loff=\dimen185
\@vwid@roff=\dimen186
)
\c@taburow=\count305
\tabu@nbcols=\count306
\tabu@cnt=\count307
\tabu@Xcol=\count308
\tabu@alloc=\count309
\tabu@nested=\count310
\tabu@target=\dimen187
\tabu@spreadtarget=\dimen188
\tabu@naturalX=\dimen189
\tabucolX=\dimen190
\tabu@Xsum=\dimen191
\extrarowdepth=\dimen192
\abovetabulinesep=\dimen193
\belowtabulinesep=\dimen194
\tabustrutrule=\dimen195
\tabu@thebody=\toks30
\tabu@footnotes=\toks31
\tabu@box=\box60
\tabu@arstrutbox=\box61
\tabu@hleads=\box62
\tabu@vleads=\box63
\tabu@cellskip=\skip66
)
(c:/Users/elioj/AppData/Roaming/TinyTeX/texmf-dist/tex/latex/threeparttable/thr
eeparttable.sty
Package: threeparttable 2003/06/13  v 3.0
\@tempboxb=\box64
)
(c:/Users/elioj/AppData/Roaming/TinyTeX/texmf-dist/tex/latex/threeparttablex/th
reeparttablex.sty
Package: threeparttablex 2013/07/23 v0.3 by daleif

(c:/Users/elioj/AppData/Roaming/TinyTeX/texmf-dist/tex/latex/environ/environ.st
y
Package: environ 2014/05/04 v0.3 A new way to define environments

(c:/Users/elioj/AppData/Roaming/TinyTeX/texmf-dist/tex/latex/trimspaces/trimspa
ces.sty
Package: trimspaces 2009/09/17 v1.1 Trim spaces around a token list
))
\TPTL@width=\skip67
) (c:/Users/elioj/AppData/Roaming/TinyTeX/texmf-dist/tex/generic/ulem/ulem.sty
\UL@box=\box65
\UL@hyphenbox=\box66
\UL@skip=\skip68
\UL@hook=\toks32
\UL@height=\dimen196
\UL@pe=\count311
\UL@pixel=\dimen197
\ULC@box=\box67
Package: ulem 2012/05/18
\ULdepth=\dimen198
)
(c:/Users/elioj/AppData/Roaming/TinyTeX/texmf-dist/tex/latex/makecell/makecell.
sty
Package: makecell 2009/08/03 V0.1e Managing of Tab Column Heads and Cells
\rotheadsize=\dimen199
\c@nlinenum=\count312
\TeXr@lab=\toks33
) (c:/Users/elioj/AppData/Roaming/TinyTeX/texmf-dist/tex/latex/xcolor/xcolor.st
y
Package: xcolor 2016/05/11 v2.12 LaTeX color extensions (UK)

(c:/Users/elioj/AppData/Roaming/TinyTeX/texmf-dist/tex/latex/graphics-cfg/color
.cfg
File: color.cfg 2016/01/02 v1.6 sample color configuration
)
Package xcolor Info: Driver file: xetex.def on input line 225.
LaTeX Info: Redefining \color on input line 709.
Package xcolor Info: Model `cmy' substituted by `cmy0' on input line 1348.
Package xcolor Info: Model `RGB' extended on input line 1364.
Package xcolor Info: Model `HTML' substituted by `rgb' on input line 1366.
Package xcolor Info: Model `Hsb' substituted by `hsb' on input line 1367.
Package xcolor Info: Model `tHsb' substituted by `hsb' on input line 1368.
Package xcolor Info: Model `HSB' substituted by `hsb' on input line 1369.
Package xcolor Info: Model `Gray' substituted by `gray' on input line 1370.
Package xcolor Info: Model `wave' substituted by `hsb' on input line 1371.
) (./Article.aux)
\openout1 = `Article.aux'.

LaTeX Font Info:    Checking defaults for OML/cmm/m/it on input line 146.
LaTeX Font Info:    ... okay on input line 146.
LaTeX Font Info:    Checking defaults for T1/cmr/m/n on input line 146.
LaTeX Font Info:    ... okay on input line 146.
LaTeX Font Info:    Checking defaults for OT1/cmr/m/n on input line 146.
LaTeX Font Info:    ... okay on input line 146.
LaTeX Font Info:    Checking defaults for OMS/cmsy/m/n on input line 146.
LaTeX Font Info:    ... okay on input line 146.
LaTeX Font Info:    Checking defaults for TU/lmr/m/n on input line 146.
LaTeX Font Info:    ... okay on input line 146.
LaTeX Font Info:    Checking defaults for OMX/cmex/m/n on input line 146.
LaTeX Font Info:    ... okay on input line 146.
LaTeX Font Info:    Checking defaults for U/cmr/m/n on input line 146.
LaTeX Font Info:    ... okay on input line 146.
LaTeX Font Info:    Checking defaults for TS1/cmr/m/n on input line 146.
LaTeX Font Info:    Trying to load font information for TS1+cmr on input line 1
46.
(c:/Users/elioj/AppData/Roaming/TinyTeX/texmf-dist/tex/latex/base/ts1cmr.fd
File: ts1cmr.fd 2014/09/29 v2.5h Standard LaTeX font definitions
)
LaTeX Font Info:    ... okay on input line 146.
LaTeX Font Info:    Checking defaults for PD1/pdf/m/n on input line 146.
LaTeX Font Info:    ... okay on input line 146.
LaTeX Font Info:    Checking defaults for PU/pdf/m/n on input line 146.
LaTeX Font Info:    ... okay on input line 146.
LaTeX Info: Redefining \microtypecontext on input line 146.
Package microtype Info: Character protrusion enabled (level 2).
Package microtype Info: Using protrusion set `basicmath'.
Package microtype Info: No adjustment of tracking.
Package microtype Info: No adjustment of spacing.
Package microtype Info: No adjustment of kerning.

(c:/Users/elioj/AppData/Roaming/TinyTeX/texmf-dist/tex/latex/microtype/mt-Latin
ModernRoman.cfg
File: mt-LatinModernRoman.cfg 2013/03/13 v1.0 microtype config. file: Latin Mod
ern Roman (RS)
)
*geometry* driver: auto-detecting
*geometry* detected driver: xetex
*geometry* verbose mode - [ preamble ] result:
* driver: xetex
* paper: <default>
* layout: <same size as paper>
* layoutoffset:(h,v)=(0.0pt,0.0pt)
* modes: 
* h-part:(L,W,R)=(72.26999pt, 469.75502pt, 72.26999pt)
* v-part:(T,H,B)=(72.26999pt, 650.43001pt, 72.26999pt)
* \paperwidth=614.295pt
* \paperheight=794.96999pt
* \textwidth=469.75502pt
* \textheight=650.43001pt
* \oddsidemargin=0.0pt
* \evensidemargin=0.0pt
* \topmargin=-37.0pt
* \headheight=12.0pt
* \headsep=25.0pt
* \topskip=10.0pt
* \footskip=30.0pt
* \marginparwidth=65.0pt
* \marginparsep=11.0pt
* \columnsep=10.0pt
* \skip\footins=9.0pt plus 4.0pt minus 2.0pt
* \hoffset=0.0pt
* \voffset=0.0pt
* \mag=1000
* \@twocolumnfalse
* \@twosidefalse
* \@mparswitchfalse
* \@reversemarginfalse
* (1in=72.27pt=25.4mm, 1cm=28.453pt)

\AtBeginShipoutBox=\box68
Package hyperref Info: Link coloring OFF on input line 146.

(c:/Users/elioj/AppData/Roaming/TinyTeX/texmf-dist/tex/latex/hyperref/nameref.s
ty
Package: nameref 2019/09/16 v2.46 Cross-referencing by name of section

(c:/Users/elioj/AppData/Roaming/TinyTeX/texmf-dist/tex/latex/oberdiek/refcount.
sty
Package: refcount 2016/05/16 v3.5 Data extraction from label references (HO)
)
(c:/Users/elioj/AppData/Roaming/TinyTeX/texmf-dist/tex/generic/oberdiek/gettitl
estring.sty
Package: gettitlestring 2016/05/16 v1.5 Cleanup title references (HO)
)
\c@section@level=\count313
)
LaTeX Info: Redefining \ref on input line 146.
LaTeX Info: Redefining \pageref on input line 146.
LaTeX Info: Redefining \nameref on input line 146.
(./Article.out) (./Article.out)
\@outlinefile=\write4
\openout4 = `Article.out'.


Package xcolor Warning: Incompatible color definition on input line 152.

LaTeX Font Info:    Font shape `TU/lmtt/bx/n' in size <10> not available
(Font)              Font shape `TU/lmtt/b/n' tried instead on input line 154.

Package xcolor Warning: Incompatible color definition on input line 157.


Package xcolor Warning: Incompatible color definition on input line 157.


Package xcolor Warning: Incompatible color definition on input line 159.


Package xcolor Warning: Incompatible color definition on input line 163.


Package xcolor Warning: Incompatible color definition on input line 163.

File: Article_files/figure-latex/plot_grids1km-1.pdf Graphic file (type pdf)
<use Article_files/figure-latex/plot_grids1km-1.pdf>

Package xcolor Warning: Incompatible color definition on input line 174.


Package xcolor Warning: Incompatible color definition on input line 184.


Package xcolor Warning: Incompatible color definition on input line 184.


Overfull \vbox (1.34056pt too high) detected at line 184
 []


Package xcolor Warning: Incompatible color definition on input line 184.

[1

]

Package xcolor Warning: Incompatible color definition on input line 184.


Package xcolor Warning: Incompatible color definition on input line 184.


Package xcolor Warning: Incompatible color definition on input line 189.


Package xcolor Warning: Incompatible color definition on input line 210.


Package xcolor Warning: Incompatible color definition on input line 210.

File: Article_files/figure-latex/Ireland-1.pdf Graphic file (type pdf)
<use Article_files/figure-latex/Ireland-1.pdf>
Missing character: There is no ♥ in font [lmroman12-bold]:mapping=tex-text;!

Package xcolor Warning: Incompatible color definition on input line 219.

[2]

Package xcolor Warning: Incompatible color definition on input line 225.


Package xcolor Warning: Incompatible color definition on input line 225.


Package xcolor Warning: Incompatible color definition on input line 250.


Package xcolor Warning: Incompatible color definition on input line 272.


Package xcolor Warning: Incompatible color definition on input line 272.

File: Article_files/figure-latex/Parameters-1.pdf Graphic file (type pdf)
<use Article_files/figure-latex/Parameters-1.pdf>
[3]
LaTeX Font Info:    Trying to load font information for OT1+lmr on input line 2
81.
(c:/Users/elioj/AppData/Roaming/TinyTeX/texmf-dist/tex/latex/lm/ot1lmr.fd
File: ot1lmr.fd 2009/10/30 v1.6 Font defs for Latin Modern
)
Package microtype Info: Loading generic protrusion settings for font family
(microtype)             `lmr' (encoding: OT1).
(microtype)             For optimal results, create family-specific settings.
(microtype)             See the microtype manual for details.
LaTeX Font Info:    Trying to load font information for OML+lmm on input line 2
81.
(c:/Users/elioj/AppData/Roaming/TinyTeX/texmf-dist/tex/latex/lm/omllmm.fd
File: omllmm.fd 2009/10/30 v1.6 Font defs for Latin Modern
)
LaTeX Font Info:    Trying to load font information for OMS+lmsy on input line 
281.
(c:/Users/elioj/AppData/Roaming/TinyTeX/texmf-dist/tex/latex/lm/omslmsy.fd
File: omslmsy.fd 2009/10/30 v1.6 Font defs for Latin Modern
)
LaTeX Font Info:    Trying to load font information for OMX+lmex on input line 
281.
(c:/Users/elioj/AppData/Roaming/TinyTeX/texmf-dist/tex/latex/lm/omxlmex.fd
File: omxlmex.fd 2009/10/30 v1.6 Font defs for Latin Modern
)
LaTeX Font Info:    External font `lmex10' loaded for size
(Font)              <10> on input line 281.
LaTeX Font Info:    External font `lmex10' loaded for size
(Font)              <7> on input line 281.
LaTeX Font Info:    External font `lmex10' loaded for size
(Font)              <5> on input line 281.
LaTeX Font Info:    Trying to load font information for U+msa on input line 281
.
(c:/Users/elioj/AppData/Roaming/TinyTeX/texmf-dist/tex/latex/amsfonts/umsa.fd
File: umsa.fd 2013/01/14 v3.01 AMS symbols A
)
(c:/Users/elioj/AppData/Roaming/TinyTeX/texmf-dist/tex/latex/microtype/mt-msa.c
fg
File: mt-msa.cfg 2006/02/04 v1.1 microtype config. file: AMS symbols (a) (RS)
)
LaTeX Font Info:    Trying to load font information for U+msb on input line 281
.
(c:/Users/elioj/AppData/Roaming/TinyTeX/texmf-dist/tex/latex/amsfonts/umsb.fd
File: umsb.fd 2013/01/14 v3.01 AMS symbols B
)
(c:/Users/elioj/AppData/Roaming/TinyTeX/texmf-dist/tex/latex/microtype/mt-msb.c
fg
File: mt-msb.cfg 2005/06/01 v1.0 microtype config. file: AMS symbols (b) (RS)
)

Package xcolor Warning: Incompatible color definition on input line 285.


Package xcolor Warning: Incompatible color definition on input line 306.


Package xcolor Warning: Incompatible color definition on input line 306.


Package xcolor Warning: Incompatible color definition on input line 306.

[4]

Package xcolor Warning: Incompatible color definition on input line 306.


Package xcolor Warning: Incompatible color definition on input line 306.


Package xcolor Warning: Incompatible color definition on input line 310.


Package xcolor Warning: Incompatible color definition on input line 334.


Package xcolor Warning: Incompatible color definition on input line 334.


Package xcolor Warning: Incompatible color definition on input line 338.


Package xcolor Warning: Incompatible color definition on input line 403.


Package xcolor Warning: Incompatible color definition on input line 403.


Package xcolor Warning: Incompatible color definition on input line 403.

[5]

Package xcolor Warning: Incompatible color definition on input line 403.


Package xcolor Warning: Incompatible color definition on input line 403.

File: Article_files/figure-latex/figure_1-1.pdf Graphic file (type pdf)
<use Article_files/figure-latex/figure_1-1.pdf>
[6]

Package xcolor Warning: Incompatible color definition on input line 411.


Package xcolor Warning: Incompatible color definition on input line 422.


Package xcolor Warning: Incompatible color definition on input line 422.


Package xcolor Warning: Incompatible color definition on input line 426.


Package xcolor Warning: Incompatible color definition on input line 444.


Package xcolor Warning: Incompatible color definition on input line 444.

[7]

Package xcolor Warning: Incompatible color definition on input line 468.


Package xcolor Warning: Incompatible color definition on input line 477.


Package xcolor Warning: Incompatible color definition on input line 477.


Package xcolor Warning: Incompatible color definition on input line 481.


Package xcolor Warning: Incompatible color definition on input line 520.


Package xcolor Warning: Incompatible color definition on input line 520.

File: Article_files/figure-latex/Soilgas_rad-1.pdf Graphic file (type pdf)
<use Article_files/figure-latex/Soilgas_rad-1.pdf>
Package atveryend Info: Empty hook `BeforeClearDocument' on input line 525.
[8] [9]
Package atveryend Info: Empty hook `AfterLastShipout' on input line 525.
(./Article.aux)
Package atveryend Info: Empty hook `AtVeryEndDocument' on input line 525.
Package atveryend Info: Executing hook `AtEndAfterFileList' on input line 525.
Package rerunfilecheck Info: File `Article.out' has not changed.
(rerunfilecheck)             Checksum: 172EFA2CF115D1A489B7F3AC42411E9B.
 ) 
Here is how much of TeX's memory you used:
 26812 strings out of 494465
 498128 string characters out of 6172151
 647602 words of memory out of 5000000
 30824 multiletter control sequences out of 15000+600000
 545155 words of font info for 54 fonts, out of 8000000 for 9000
 14 hyphenation exceptions out of 8191
 52i,5n,70p,804b,429s stack positions out of 5000i,500n,10000p,200000b,80000s

Output written on Article.pdf (9 pages).
